<?xml version="1.0" encoding="UTF-8"?>
<!-- Generated by org.testng.reporters.JUnitXMLReporter -->
<testsuite ignored="0" hostname="DESKTOP-NAV2OJN" failures="0" tests="5" name="Salesforce" time="58.17" errors="0" timestamp="2024-12-13T13:42:41 PST">
  <testcase classname="com.testng.testcases.LoginTest" name="loginerrormessage" time="5.775"/>
  <testcase classname="com.testng.testcases.LoginTest" name="logintoSalesforce" time="5.638"/>
  <testcase classname="com.testng.testcases.LoginTest" name="checkRememberme" time="9.494"/>
  <testcase classname="com.testng.testcases.LoginTest" name="forgotPassword" time="1.701"/>
  <testcase classname="com.testng.testcases.LoginTest" name="invalidCredentials" time="3.573"/>
</testsuite> <!-- Salesforce -->
