<?xml version="1.0" encoding="UTF-8"?>
<!-- Generated by org.testng.reporters.JUnitXMLReporter -->
<testsuite ignored="0" hostname="DESKTOP-NAV2OJN" failures="0" tests="5" name="Salesforce" time="57.259" errors="0" timestamp="2024-12-14T10:33:36 PST">
  <testcase classname="com.testng.testcases.LoginTest" name="loginerrormessage" time="5.332"/>
  <testcase classname="com.testng.testcases.LoginTest" name="logintoSalesforce" time="7.559"/>
  <testcase classname="com.testng.testcases.LoginTest" name="checkRememberme" time="10.046"/>
  <testcase classname="com.testng.testcases.LoginTest" name="forgotPassword" time="2.244"/>
  <testcase classname="com.testng.testcases.LoginTest" name="invalidCredentials" time="3.315"/>
</testsuite> <!-- Salesforce -->
