<?xml version="1.0" encoding="UTF-8"?>
<!-- Generated by org.testng.reporters.JUnitXMLReporter -->
<testsuite ignored="0" hostname="DESKTOP-NAV2OJN" failures="0" tests="14" name="Salesforce" time="210.323" errors="0" timestamp="2024-12-16T17:39:49 PST">
  <testcase classname="com.testng.testcases.LoginTest" name="loginerrormessage" time="3.086"/>
  <testcase classname="com.testng.testcases.LoginTest" name="logintoSalesforce" time="7.131"/>
  <testcase classname="com.testng.testcases.LoginTest" name="checkRememberme" time="12.054"/>
  <testcase classname="com.testng.testcases.LoginTest" name="forgotPassword" time="2.288"/>
  <testcase classname="com.testng.testcases.LoginTest" name="invalidCredentials" time="1.587"/>
  <testcase classname="com.testng.testcases.UserMenuTest" name="developerconsolefunctions" time="6.502"/>
  <testcase classname="com.testng.testcases.UserMenuTest" name="logoutoption" time="13.493"/>
  <testcase classname="com.testng.testcases.UserMenuTest" name="myprofilefunctions" time="43.192"/>
  <testcase classname="com.testng.testcases.UserMenuTest" name="mysettingsfuctions" time="6.945"/>
  <testcase classname="com.testng.testcases.UserMenuTest" name="usernavmenudropdown" time="10.278"/>
  <testcase classname="com.testng.testcases.AccountTest" name="createaccount" time="11.954"/>
  <testcase classname="com.testng.testcases.AccountTest" name="createnewview" time="15.367"/>
  <testcase classname="com.testng.testcases.AccountTest" name="editView" time="10.218"/>
  <testcase classname="com.testng.testcases.AccountTest" name="mergeAccounts" time="0.0"/>
</testsuite> <!-- Salesforce -->
